<?xml version="1.0" encoding="UTF-8"?>
<testng-results ignored="0" total="4" passed="3" failed="1" skipped="0">
  <reporter-output>
  </reporter-output>
  <suite started-at="2024-07-25T12:19:15 IST" name="Default suite" finished-at="2024-07-25T12:19:19 IST" duration-ms="3465">
    <groups>
    </groups>
    <test started-at="2024-07-25T12:19:15 IST" name="Default test" finished-at="2024-07-25T12:19:19 IST" duration-ms="3465">
      <class name="com.swaglab.testScripts.LoginPageTest">
        <test-method is-config="true" signature="setUp()[pri:0, instance:com.swaglab.testScripts.LoginPageTest@5f354bcf]" started-at="2024-07-25T12:19:15 IST" name="setUp" finished-at="2024-07-25T12:19:17 IST" duration-ms="2164" status="PASS">
          <reporter-output>
          </reporter-output>
        </test-method> <!-- setUp -->
        <test-method signature="validateTitle()[pri:0, instance:com.swaglab.testScripts.LoginPageTest@5f354bcf]" started-at="2024-07-25T12:19:17 IST" name="validateTitle" finished-at="2024-07-25T12:19:17 IST" duration-ms="67" status="PASS">
          <reporter-output>
          </reporter-output>
        </test-method> <!-- validateTitle -->
        <test-method is-config="true" signature="failed_TC(org.testng.ITestResult)[pri:0, instance:com.swaglab.testScripts.LoginPageTest@5f354bcf]" started-at="2024-07-25T12:19:17 IST" name="failed_TC" finished-at="2024-07-25T12:19:17 IST" duration-ms="3" status="PASS">
          <params>
            <param index="0">
              <value>
                <![CDATA[[TestResult name=validateTitle status=SUCCESS method=LoginPageTest.validateTitle()[pri:0, instance:com.swaglab.testScripts.LoginPageTest@5f354bcf] output={null}]]]>
              </value>
            </param>
          </params>
          <reporter-output>
          </reporter-output>
        </test-method> <!-- failed_TC -->
        <test-method signature="validateUrl()[pri:0, instance:com.swaglab.testScripts.LoginPageTest@5f354bcf]" started-at="2024-07-25T12:19:18 IST" name="validateUrl" finished-at="2024-07-25T12:19:18 IST" duration-ms="10" status="PASS">
          <reporter-output>
          </reporter-output>
        </test-method> <!-- validateUrl -->
        <test-method is-config="true" signature="failed_TC(org.testng.ITestResult)[pri:0, instance:com.swaglab.testScripts.LoginPageTest@5f354bcf]" started-at="2024-07-25T12:19:18 IST" name="failed_TC" finished-at="2024-07-25T12:19:18 IST" duration-ms="1" status="PASS">
          <params>
            <param index="0">
              <value>
                <![CDATA[[TestResult name=validateUrl status=SUCCESS method=LoginPageTest.validateUrl()[pri:0, instance:com.swaglab.testScripts.LoginPageTest@5f354bcf] output={null}]]]>
              </value>
            </param>
          </params>
          <reporter-output>
          </reporter-output>
        </test-method> <!-- failed_TC -->
        <test-method signature="validate_Login()[pri:0, instance:com.swaglab.testScripts.LoginPageTest@5f354bcf]" started-at="2024-07-25T12:19:18 IST" name="validate_Login" finished-at="2024-07-25T12:19:18 IST" duration-ms="794" status="PASS">
          <reporter-output>
          </reporter-output>
        </test-method> <!-- validate_Login -->
        <test-method is-config="true" signature="failed_TC(org.testng.ITestResult)[pri:0, instance:com.swaglab.testScripts.LoginPageTest@5f354bcf]" started-at="2024-07-25T12:19:18 IST" name="failed_TC" finished-at="2024-07-25T12:19:18 IST" duration-ms="0" status="PASS">
          <params>
            <param index="0">
              <value>
                <![CDATA[[TestResult name=validate_Login status=SUCCESS method=LoginPageTest.validate_Login()[pri:0, instance:com.swaglab.testScripts.LoginPageTest@5f354bcf] output={null}]]]>
              </value>
            </param>
          </params>
          <reporter-output>
          </reporter-output>
        </test-method> <!-- failed_TC -->
        <test-method signature="validate_usrname_and_password_fontSize()[pri:0, instance:com.swaglab.testScripts.LoginPageTest@5f354bcf]" started-at="2024-07-25T12:19:18 IST" name="validate_usrname_and_password_fontSize" finished-at="2024-07-25T12:19:18 IST" duration-ms="55" status="FAIL">
          <exception class="java.lang.AssertionError">
            <message>
              <![CDATA[The following asserts failed:
expected [20px] but found [18px]]]>
            </message>
            <full-stacktrace>
              <![CDATA[java.lang.AssertionError: The following asserts failed:
expected [20px] but found [18px]
at org.testng.asserts.SoftAssert.assertAll(SoftAssert.java:47)
at org.testng.asserts.SoftAssert.assertAll(SoftAssert.java:31)
at com.swaglab.testScripts.LoginPageTest.validate_usrname_and_password_fontSize(LoginPageTest.java:57)
at java.base/jdk.internal.reflect.NativeMethodAccessorImpl.invoke0(Native Method)
at java.base/jdk.internal.reflect.NativeMethodAccessorImpl.invoke(NativeMethodAccessorImpl.java:77)
at java.base/jdk.internal.reflect.DelegatingMethodAccessorImpl.invoke(DelegatingMethodAccessorImpl.java:43)
at java.base/java.lang.reflect.Method.invoke(Method.java:568)
at org.testng.internal.MethodInvocationHelper.invokeMethod(MethodInvocationHelper.java:133)
at org.testng.internal.TestInvoker.invokeMethod(TestInvoker.java:598)
at org.testng.internal.TestInvoker.invokeTestMethod(TestInvoker.java:173)
at org.testng.internal.MethodRunner.runInSequence(MethodRunner.java:46)
at org.testng.internal.TestInvoker$MethodInvocationAgent.invoke(TestInvoker.java:824)
at org.testng.internal.TestInvoker.invokeTestMethods(TestInvoker.java:146)
at org.testng.internal.TestMethodWorker.invokeTestMethods(TestMethodWorker.java:146)
at org.testng.internal.TestMethodWorker.run(TestMethodWorker.java:128)
at java.base/java.util.ArrayList.forEach(ArrayList.java:1511)
at org.testng.TestRunner.privateRun(TestRunner.java:794)
at org.testng.TestRunner.run(TestRunner.java:596)
at org.testng.SuiteRunner.runTest(SuiteRunner.java:377)
at org.testng.SuiteRunner.runSequentially(SuiteRunner.java:371)
at org.testng.SuiteRunner.privateRun(SuiteRunner.java:332)
at org.testng.SuiteRunner.run(SuiteRunner.java:276)
at org.testng.SuiteRunnerWorker.runSuite(SuiteRunnerWorker.java:53)
at org.testng.SuiteRunnerWorker.run(SuiteRunnerWorker.java:96)
at org.testng.TestNG.runSuitesSequentially(TestNG.java:1212)
at org.testng.TestNG.runSuitesLocally(TestNG.java:1134)
at org.testng.TestNG.runSuites(TestNG.java:1063)
at org.testng.TestNG.run(TestNG.java:1031)
at org.testng.remote.AbstractRemoteTestNG.run(AbstractRemoteTestNG.java:115)
at org.testng.remote.RemoteTestNG.initAndRun(RemoteTestNG.java:293)
at org.testng.remote.RemoteTestNG.main(RemoteTestNG.java:91)
]]>
            </full-stacktrace>
          </exception> <!-- java.lang.AssertionError -->
          <reporter-output>
          </reporter-output>
        </test-method> <!-- validate_usrname_and_password_fontSize -->
        <test-method is-config="true" signature="failed_TC(org.testng.ITestResult)[pri:0, instance:com.swaglab.testScripts.LoginPageTest@5f354bcf]" started-at="2024-07-25T12:19:18 IST" name="failed_TC" finished-at="2024-07-25T12:19:18 IST" duration-ms="108" status="PASS">
          <params>
            <param index="0">
              <value>
                <![CDATA[[TestResult name=validate_usrname_and_password_fontSize status=FAILURE method=LoginPageTest.validate_usrname_and_password_fontSize()[pri:0, instance:com.swaglab.testScripts.LoginPageTest@5f354bcf] output={null}]]]>
              </value>
            </param>
          </params>
          <reporter-output>
          </reporter-output>
        </test-method> <!-- failed_TC -->
        <test-method is-config="true" signature="tearDown()[pri:0, instance:com.swaglab.testScripts.LoginPageTest@5f354bcf]" started-at="2024-07-25T12:19:18 IST" name="tearDown" finished-at="2024-07-25T12:19:19 IST" duration-ms="109" status="PASS">
          <reporter-output>
          </reporter-output>
        </test-method> <!-- tearDown -->
      </class> <!-- com.swaglab.testScripts.LoginPageTest -->
    </test> <!-- Default test -->
  </suite> <!-- Default suite -->
</testng-results>
